{"C:\\Dev\\ProjetosPessoais\\nodejs\\ApiJwtNode\\app.ts": {"path":"C:\\Dev\\ProjetosPessoais\\nodejs\\ApiJwtNode\\app.ts","statementMap":{"0":{"start":{"line":1,"column":0},"end":{"line":1,"column":30}},"1":{"start":{"line":2,"column":0},"end":{"line":2,"column":50}},"2":{"start":{"line":3,"column":0},"end":{"line":3,"column":43}},"3":{"start":{"line":4,"column":0},"end":{"line":4,"column":41}},"4":{"start":{"line":6,"column":0},"end":{"line":8,"column":3}},"5":{"start":{"line":10,"column":12},"end":{"line":10,"column":21}},"6":{"start":{"line":11,"column":0},"end":{"line":11,"column":24}},"7":{"start":{"line":12,"column":0},"end":{"line":12,"column":34}},"8":{"start":{"line":14,"column":0},"end":{"line":14,"column":68}},"9":{"start":{"line":17,"column":0},"end":{"line":17,"column":19}}},"fnMap":{},"branchMap":{"0":{"loc":{"start":{"line":7,"column":10},"end":{"line":7,"column":64}},"type":"cond-expr","locations":[{"start":{"line":7,"column":44},"end":{"line":7,"column":55}},{"start":{"line":7,"column":58},"end":{"line":7,"column":64}}]}},"s":{"0":1,"1":1,"2":1,"3":1,"4":1,"5":1,"6":1,"7":1,"8":1,"9":1},"f":{},"b":{"0":[0,1]}}
,"C:\\Dev\\ProjetosPessoais\\nodejs\\ApiJwtNode\\api\\auth\\tokenValidation.ts": {"path":"C:\\Dev\\ProjetosPessoais\\nodejs\\ApiJwtNode\\api\\auth\\tokenValidation.ts","statementMap":{"0":{"start":{"line":1,"column":0},"end":{"line":1,"column":38}},"1":{"start":{"line":4,"column":26},"end":{"line":27,"column":1}},"2":{"start":{"line":5,"column":14},"end":{"line":5,"column":38}},"3":{"start":{"line":6,"column":23},"end":{"line":6,"column":44}},"4":{"start":{"line":7,"column":2},"end":{"line":7,"column":61}},"5":{"start":{"line":7,"column":21},"end":{"line":7,"column":61}},"6":{"start":{"line":8,"column":2},"end":{"line":26,"column":null}},"7":{"start":{"line":9,"column":4},"end":{"line":9,"column":27}},"8":{"start":{"line":10,"column":4},"end":{"line":20,"column":9}},"9":{"start":{"line":14,"column":8},"end":{"line":19,"column":22}},"10":{"start":{"line":15,"column":10},"end":{"line":18,"column":null}},"11":{"start":{"line":19,"column":15},"end":{"line":19,"column":22}},"12":{"start":{"line":22,"column":4},"end":{"line":25,"column":null}},"13":{"start":{"line":4,"column":13},"end":{"line":4,"column":26}}},"fnMap":{"0":{"name":"(anonymous_0)","decl":{"start":{"line":4,"column":26},"end":{"line":4,"column":27}},"loc":{"start":{"line":4,"column":79},"end":{"line":27,"column":1}}},"1":{"name":"(anonymous_1)","decl":{"start":{"line":13,"column":6},"end":{"line":13,"column":7}},"loc":{"start":{"line":13,"column":23},"end":{"line":20,"column":7}}}},"branchMap":{"0":{"loc":{"start":{"line":7,"column":2},"end":{"line":7,"column":61}},"type":"if","locations":[{"start":{"line":7,"column":2},"end":{"line":7,"column":61}}]},"1":{"loc":{"start":{"line":8,"column":2},"end":{"line":26,"column":null}},"type":"if","locations":[{"start":{"line":8,"column":2},"end":{"line":26,"column":null}},{"start":{"line":21,"column":9},"end":{"line":26,"column":null}}]},"2":{"loc":{"start":{"line":14,"column":8},"end":{"line":19,"column":22}},"type":"if","locations":[{"start":{"line":14,"column":8},"end":{"line":19,"column":22}},{"start":{"line":19,"column":15},"end":{"line":19,"column":22}}]}},"s":{"0":1,"1":1,"2":4,"3":4,"4":4,"5":0,"6":4,"7":4,"8":4,"9":4,"10":0,"11":4,"12":0,"13":1},"f":{"0":4,"1":4},"b":{"0":[0],"1":[4,0],"2":[0,4]}}
,"C:\\Dev\\ProjetosPessoais\\nodejs\\ApiJwtNode\\api\\users\\userController.ts": {"path":"C:\\Dev\\ProjetosPessoais\\nodejs\\ApiJwtNode\\api\\users\\userController.ts","statementMap":{"0":{"start":{"line":2,"column":0},"end":{"line":2,"column":62}},"1":{"start":{"line":3,"column":0},"end":{"line":3,"column":36}},"2":{"start":{"line":4,"column":0},"end":{"line":4,"column":null}},"3":{"start":{"line":12,"column":0},"end":{"line":12,"column":27}},"4":{"start":{"line":14,"column":21},"end":{"line":14,"column":42}},"5":{"start":{"line":15,"column":0},"end":{"line":15,"column":59}},"6":{"start":{"line":15,"column":19},"end":{"line":15,"column":59}},"7":{"start":{"line":17,"column":26},"end":{"line":51,"column":1}},"8":{"start":{"line":18,"column":15},"end":{"line":18,"column":23}},"9":{"start":{"line":19,"column":15},"end":{"line":19,"column":30}},"10":{"start":{"line":20,"column":2},"end":{"line":50,"column":null}},"11":{"start":{"line":21,"column":4},"end":{"line":21,"column":49}},"12":{"start":{"line":22,"column":4},"end":{"line":36,"column":7}},"13":{"start":{"line":23,"column":6},"end":{"line":31,"column":null}},"14":{"start":{"line":24,"column":8},"end":{"line":30,"column":11}},"15":{"start":{"line":32,"column":6},"end":{"line":35,"column":null}},"16":{"start":{"line":39,"column":4},"end":{"line":45,"column":null}},"17":{"start":{"line":40,"column":6},"end":{"line":44,"column":null}},"18":{"start":{"line":46,"column":4},"end":{"line":49,"column":null}},"19":{"start":{"line":17,"column":13},"end":{"line":17,"column":26}},"20":{"start":{"line":53,"column":27},"end":{"line":76,"column":1}},"21":{"start":{"line":54,"column":13},"end":{"line":54,"column":26}},"22":{"start":{"line":55,"column":2},"end":{"line":75,"column":null}},"23":{"start":{"line":56,"column":4},"end":{"line":64,"column":null}},"24":{"start":{"line":57,"column":6},"end":{"line":63,"column":9}},"25":{"start":{"line":65,"column":4},"end":{"line":70,"column":null}},"26":{"start":{"line":66,"column":6},"end":{"line":69,"column":null}},"27":{"start":{"line":71,"column":4},"end":{"line":74,"column":null}},"28":{"start":{"line":53,"column":13},"end":{"line":53,"column":27}},"29":{"start":{"line":78,"column":37},"end":{"line":101,"column":1}},"30":{"start":{"line":79,"column":16},"end":{"line":79,"column":32}},"31":{"start":{"line":80,"column":2},"end":{"line":100,"column":null}},"32":{"start":{"line":81,"column":4},"end":{"line":89,"column":null}},"33":{"start":{"line":82,"column":6},"end":{"line":88,"column":9}},"34":{"start":{"line":90,"column":4},"end":{"line":95,"column":null}},"35":{"start":{"line":91,"column":6},"end":{"line":94,"column":null}},"36":{"start":{"line":96,"column":4},"end":{"line":99,"column":null}},"37":{"start":{"line":78,"column":13},"end":{"line":78,"column":37}},"38":{"start":{"line":103,"column":21},"end":{"line":156,"column":1}},"39":{"start":{"line":104,"column":15},"end":{"line":104,"column":23}},"40":{"start":{"line":105,"column":2},"end":{"line":155,"column":null}},"41":{"start":{"line":106,"column":4},"end":{"line":142,"column":null}},"42":{"start":{"line":107,"column":6},"end":{"line":115,"column":null}},"43":{"start":{"line":108,"column":8},"end":{"line":114,"column":11}},"44":{"start":{"line":116,"column":6},"end":{"line":121,"column":null}},"45":{"start":{"line":117,"column":8},"end":{"line":120,"column":null}},"46":{"start":{"line":122,"column":28},"end":{"line":122,"column":72}},"47":{"start":{"line":123,"column":6},"end":{"line":141,"column":null}},"48":{"start":{"line":124,"column":36},"end":{"line":129,"column":12}},"49":{"start":{"line":130,"column":10},"end":{"line":134,"column":null}},"50":{"start":{"line":137,"column":8},"end":{"line":140,"column":null}},"51":{"start":{"line":144,"column":4},"end":{"line":150,"column":null}},"52":{"start":{"line":145,"column":6},"end":{"line":149,"column":null}},"53":{"start":{"line":151,"column":4},"end":{"line":154,"column":null}},"54":{"start":{"line":103,"column":13},"end":{"line":103,"column":21}},"55":{"start":{"line":158,"column":24},"end":{"line":180,"column":1}},"56":{"start":{"line":159,"column":2},"end":{"line":179,"column":null}},"57":{"start":{"line":160,"column":4},"end":{"line":168,"column":null}},"58":{"start":{"line":161,"column":6},"end":{"line":167,"column":9}},"59":{"start":{"line":169,"column":4},"end":{"line":174,"column":null}},"60":{"start":{"line":170,"column":6},"end":{"line":173,"column":null}},"61":{"start":{"line":175,"column":4},"end":{"line":178,"column":null}},"62":{"start":{"line":158,"column":13},"end":{"line":158,"column":24}},"63":{"start":{"line":182,"column":26},"end":{"line":222,"column":1}},"64":{"start":{"line":183,"column":15},"end":{"line":183,"column":23}},"65":{"start":{"line":184,"column":15},"end":{"line":184,"column":30}},"66":{"start":{"line":185,"column":2},"end":{"line":221,"column":null}},"67":{"start":{"line":186,"column":4},"end":{"line":186,"column":49}},"68":{"start":{"line":187,"column":4},"end":{"line":207,"column":7}},"69":{"start":{"line":188,"column":6},"end":{"line":195,"column":null}},"70":{"start":{"line":189,"column":8},"end":{"line":194,"column":11}},"71":{"start":{"line":196,"column":6},"end":{"line":201,"column":null}},"72":{"start":{"line":197,"column":8},"end":{"line":200,"column":null}},"73":{"start":{"line":202,"column":6},"end":{"line":202,"column":27}},"74":{"start":{"line":203,"column":6},"end":{"line":206,"column":null}},"75":{"start":{"line":210,"column":4},"end":{"line":216,"column":null}},"76":{"start":{"line":211,"column":6},"end":{"line":215,"column":null}},"77":{"start":{"line":217,"column":4},"end":{"line":220,"column":null}},"78":{"start":{"line":182,"column":13},"end":{"line":182,"column":26}},"79":{"start":{"line":224,"column":26},"end":{"line":260,"column":1}},"80":{"start":{"line":225,"column":15},"end":{"line":225,"column":23}},"81":{"start":{"line":226,"column":2},"end":{"line":259,"column":null}},"82":{"start":{"line":227,"column":4},"end":{"line":246,"column":null}},"83":{"start":{"line":228,"column":6},"end":{"line":235,"column":null}},"84":{"start":{"line":229,"column":8},"end":{"line":234,"column":11}},"85":{"start":{"line":236,"column":6},"end":{"line":241,"column":null}},"86":{"start":{"line":237,"column":8},"end":{"line":240,"column":11}},"87":{"start":{"line":242,"column":6},"end":{"line":245,"column":null}},"88":{"start":{"line":248,"column":4},"end":{"line":254,"column":null}},"89":{"start":{"line":249,"column":6},"end":{"line":253,"column":null}},"90":{"start":{"line":255,"column":4},"end":{"line":258,"column":null}},"91":{"start":{"line":224,"column":13},"end":{"line":224,"column":26}}},"fnMap":{"0":{"name":"(anonymous_0)","decl":{"start":{"line":17,"column":26},"end":{"line":17,"column":27}},"loc":{"start":{"line":17,"column":57},"end":{"line":51,"column":1}}},"1":{"name":"(anonymous_1)","decl":{"start":{"line":22,"column":16},"end":{"line":22,"column":17}},"loc":{"start":{"line":22,"column":34},"end":{"line":36,"column":5}}},"2":{"name":"(anonymous_2)","decl":{"start":{"line":53,"column":27},"end":{"line":53,"column":28}},"loc":{"start":{"line":53,"column":58},"end":{"line":76,"column":1}}},"3":{"name":"(anonymous_3)","decl":{"start":{"line":55,"column":25},"end":{"line":55,"column":26}},"loc":{"start":{"line":55,"column":43},"end":{"line":75,"column":3}}},"4":{"name":"(anonymous_4)","decl":{"start":{"line":78,"column":37},"end":{"line":78,"column":38}},"loc":{"start":{"line":78,"column":68},"end":{"line":101,"column":1}}},"5":{"name":"(anonymous_5)","decl":{"start":{"line":80,"column":31},"end":{"line":80,"column":32}},"loc":{"start":{"line":80,"column":49},"end":{"line":100,"column":3}}},"6":{"name":"(anonymous_6)","decl":{"start":{"line":103,"column":21},"end":{"line":103,"column":22}},"loc":{"start":{"line":103,"column":52},"end":{"line":156,"column":1}}},"7":{"name":"(anonymous_7)","decl":{"start":{"line":106,"column":38},"end":{"line":106,"column":39}},"loc":{"start":{"line":106,"column":56},"end":{"line":142,"column":5}}},"8":{"name":"(anonymous_8)","decl":{"start":{"line":158,"column":24},"end":{"line":158,"column":25}},"loc":{"start":{"line":158,"column":55},"end":{"line":180,"column":1}}},"9":{"name":"(anonymous_9)","decl":{"start":{"line":159,"column":18},"end":{"line":159,"column":19}},"loc":{"start":{"line":159,"column":36},"end":{"line":179,"column":3}}},"10":{"name":"(anonymous_10)","decl":{"start":{"line":182,"column":26},"end":{"line":182,"column":27}},"loc":{"start":{"line":182,"column":58},"end":{"line":222,"column":1}}},"11":{"name":"(anonymous_11)","decl":{"start":{"line":187,"column":28},"end":{"line":187,"column":29}},"loc":{"start":{"line":187,"column":47},"end":{"line":207,"column":5}}},"12":{"name":"(anonymous_12)","decl":{"start":{"line":224,"column":26},"end":{"line":224,"column":27}},"loc":{"start":{"line":224,"column":58},"end":{"line":260,"column":1}}},"13":{"name":"(anonymous_13)","decl":{"start":{"line":227,"column":28},"end":{"line":227,"column":29}},"loc":{"start":{"line":227,"column":47},"end":{"line":246,"column":5}}}},"branchMap":{"0":{"loc":{"start":{"line":15,"column":0},"end":{"line":15,"column":59}},"type":"if","locations":[{"start":{"line":15,"column":0},"end":{"line":15,"column":59}}]},"1":{"loc":{"start":{"line":23,"column":6},"end":{"line":31,"column":null}},"type":"if","locations":[{"start":{"line":23,"column":6},"end":{"line":31,"column":null}}]},"2":{"loc":{"start":{"line":39,"column":4},"end":{"line":45,"column":null}},"type":"if","locations":[{"start":{"line":39,"column":4},"end":{"line":45,"column":null}}]},"3":{"loc":{"start":{"line":56,"column":4},"end":{"line":64,"column":null}},"type":"if","locations":[{"start":{"line":56,"column":4},"end":{"line":64,"column":null}}]},"4":{"loc":{"start":{"line":65,"column":4},"end":{"line":70,"column":null}},"type":"if","locations":[{"start":{"line":65,"column":4},"end":{"line":70,"column":null}}]},"5":{"loc":{"start":{"line":81,"column":4},"end":{"line":89,"column":null}},"type":"if","locations":[{"start":{"line":81,"column":4},"end":{"line":89,"column":null}}]},"6":{"loc":{"start":{"line":90,"column":4},"end":{"line":95,"column":null}},"type":"if","locations":[{"start":{"line":90,"column":4},"end":{"line":95,"column":null}}]},"7":{"loc":{"start":{"line":107,"column":6},"end":{"line":115,"column":null}},"type":"if","locations":[{"start":{"line":107,"column":6},"end":{"line":115,"column":null}}]},"8":{"loc":{"start":{"line":116,"column":6},"end":{"line":121,"column":null}},"type":"if","locations":[{"start":{"line":116,"column":6},"end":{"line":121,"column":null}}]},"9":{"loc":{"start":{"line":123,"column":6},"end":{"line":141,"column":null}},"type":"if","locations":[{"start":{"line":123,"column":6},"end":{"line":141,"column":null}},{"start":{"line":136,"column":11},"end":{"line":141,"column":null}}]},"10":{"loc":{"start":{"line":144,"column":4},"end":{"line":150,"column":null}},"type":"if","locations":[{"start":{"line":144,"column":4},"end":{"line":150,"column":null}}]},"11":{"loc":{"start":{"line":160,"column":4},"end":{"line":168,"column":null}},"type":"if","locations":[{"start":{"line":160,"column":4},"end":{"line":168,"column":null}}]},"12":{"loc":{"start":{"line":169,"column":4},"end":{"line":174,"column":null}},"type":"if","locations":[{"start":{"line":169,"column":4},"end":{"line":174,"column":null}}]},"13":{"loc":{"start":{"line":188,"column":6},"end":{"line":195,"column":null}},"type":"if","locations":[{"start":{"line":188,"column":6},"end":{"line":195,"column":null}}]},"14":{"loc":{"start":{"line":196,"column":6},"end":{"line":201,"column":null}},"type":"if","locations":[{"start":{"line":196,"column":6},"end":{"line":201,"column":null}}]},"15":{"loc":{"start":{"line":196,"column":9},"end":{"line":196,"column":42}},"type":"binary-expr","locations":[{"start":{"line":196,"column":9},"end":{"line":196,"column":17}},{"start":{"line":196,"column":21},"end":{"line":196,"column":42}}]},"16":{"loc":{"start":{"line":210,"column":4},"end":{"line":216,"column":null}},"type":"if","locations":[{"start":{"line":210,"column":4},"end":{"line":216,"column":null}}]},"17":{"loc":{"start":{"line":228,"column":6},"end":{"line":235,"column":null}},"type":"if","locations":[{"start":{"line":228,"column":6},"end":{"line":235,"column":null}}]},"18":{"loc":{"start":{"line":236,"column":6},"end":{"line":241,"column":null}},"type":"if","locations":[{"start":{"line":236,"column":6},"end":{"line":241,"column":null}}]},"19":{"loc":{"start":{"line":248,"column":4},"end":{"line":254,"column":null}},"type":"if","locations":[{"start":{"line":248,"column":4},"end":{"line":254,"column":null}}]}},"s":{"0":1,"1":1,"2":1,"3":1,"4":1,"5":1,"6":0,"7":1,"8":2,"9":2,"10":2,"11":2,"12":2,"13":2,"14":1,"15":1,"16":0,"17":0,"18":0,"19":1,"20":1,"21":1,"22":1,"23":1,"24":0,"25":1,"26":0,"27":1,"28":1,"29":1,"30":0,"31":0,"32":0,"33":0,"34":0,"35":0,"36":0,"37":1,"38":1,"39":2,"40":2,"41":2,"42":2,"43":0,"44":2,"45":0,"46":2,"47":2,"48":1,"49":1,"50":1,"51":0,"52":0,"53":0,"54":1,"55":1,"56":0,"57":0,"58":0,"59":0,"60":0,"61":0,"62":1,"63":1,"64":0,"65":0,"66":0,"67":0,"68":0,"69":0,"70":0,"71":0,"72":0,"73":0,"74":0,"75":0,"76":0,"77":0,"78":1,"79":1,"80":1,"81":1,"82":1,"83":1,"84":0,"85":1,"86":0,"87":1,"88":0,"89":0,"90":0,"91":1},"f":{"0":2,"1":2,"2":1,"3":1,"4":0,"5":0,"6":2,"7":2,"8":0,"9":0,"10":0,"11":0,"12":1,"13":1},"b":{"0":[0],"1":[1],"2":[0],"3":[0],"4":[0],"5":[0],"6":[0],"7":[0],"8":[0],"9":[1,1],"10":[0],"11":[0],"12":[0],"13":[0],"14":[0],"15":[0,0],"16":[0],"17":[0],"18":[0],"19":[0]}}
,"C:\\Dev\\ProjetosPessoais\\nodejs\\ApiJwtNode\\api\\users\\userRouter.ts": {"path":"C:\\Dev\\ProjetosPessoais\\nodejs\\ApiJwtNode\\api\\users\\userRouter.ts","statementMap":{"0":{"start":{"line":1,"column":0},"end":{"line":1,"column":33}},"1":{"start":{"line":2,"column":0},"end":{"line":2,"column":53}},"2":{"start":{"line":3,"column":0},"end":{"line":3,"column":null}},"3":{"start":{"line":13,"column":19},"end":{"line":13,"column":27}},"4":{"start":{"line":14,"column":0},"end":{"line":14,"column":45}},"5":{"start":{"line":15,"column":0},"end":{"line":15,"column":48}},"6":{"start":{"line":16,"column":0},"end":{"line":16,"column":42}},"7":{"start":{"line":17,"column":0},"end":{"line":17,"column":46}},"8":{"start":{"line":18,"column":0},"end":{"line":18,"column":47}},"9":{"start":{"line":19,"column":0},"end":{"line":19,"column":32}},"10":{"start":{"line":21,"column":0},"end":{"line":21,"column":26}}},"fnMap":{},"branchMap":{},"s":{"0":1,"1":1,"2":1,"3":1,"4":1,"5":1,"6":1,"7":1,"8":1,"9":1,"10":1},"f":{},"b":{}}
,"C:\\Dev\\ProjetosPessoais\\nodejs\\ApiJwtNode\\api\\users\\userService.ts": {"path":"C:\\Dev\\ProjetosPessoais\\nodejs\\ApiJwtNode\\api\\users\\userService.ts","statementMap":{"0":{"start":{"line":1,"column":0},"end":{"line":1,"column":41}},"1":{"start":{"line":6,"column":13},"end":{"line":6,"column":29}},"2":{"start":{"line":8,"column":22},"end":{"line":27,"column":1}},"3":{"start":{"line":9,"column":2},"end":{"line":26,"column":4}},"4":{"start":{"line":21,"column":6},"end":{"line":23,"column":null}},"5":{"start":{"line":22,"column":8},"end":{"line":22,"column":36}},"6":{"start":{"line":24,"column":6},"end":{"line":24,"column":37}},"7":{"start":{"line":8,"column":13},"end":{"line":8,"column":22}},"8":{"start":{"line":28,"column":24},"end":{"line":39,"column":1}},"9":{"start":{"line":29,"column":2},"end":{"line":38,"column":4}},"10":{"start":{"line":33,"column":6},"end":{"line":35,"column":null}},"11":{"start":{"line":34,"column":8},"end":{"line":34,"column":36}},"12":{"start":{"line":36,"column":6},"end":{"line":36,"column":37}},"13":{"start":{"line":28,"column":13},"end":{"line":28,"column":24}},"14":{"start":{"line":40,"column":27},"end":{"line":64,"column":1}},"15":{"start":{"line":41,"column":2},"end":{"line":63,"column":null}},"16":{"start":{"line":42,"column":4},"end":{"line":51,"column":6}},"17":{"start":{"line":46,"column":8},"end":{"line":48,"column":null}},"18":{"start":{"line":47,"column":10},"end":{"line":47,"column":38}},"19":{"start":{"line":49,"column":8},"end":{"line":49,"column":42}},"20":{"start":{"line":53,"column":4},"end":{"line":62,"column":6}},"21":{"start":{"line":57,"column":8},"end":{"line":59,"column":null}},"22":{"start":{"line":58,"column":10},"end":{"line":58,"column":38}},"23":{"start":{"line":60,"column":8},"end":{"line":60,"column":42}},"24":{"start":{"line":40,"column":13},"end":{"line":40,"column":27}},"25":{"start":{"line":65,"column":30},"end":{"line":76,"column":1}},"26":{"start":{"line":66,"column":2},"end":{"line":75,"column":4}},"27":{"start":{"line":70,"column":6},"end":{"line":72,"column":null}},"28":{"start":{"line":71,"column":8},"end":{"line":71,"column":31}},"29":{"start":{"line":73,"column":6},"end":{"line":73,"column":40}},"30":{"start":{"line":65,"column":13},"end":{"line":65,"column":30}},"31":{"start":{"line":78,"column":26},"end":{"line":97,"column":1}},"32":{"start":{"line":79,"column":2},"end":{"line":96,"column":4}},"33":{"start":{"line":91,"column":6},"end":{"line":93,"column":null}},"34":{"start":{"line":92,"column":8},"end":{"line":92,"column":36}},"35":{"start":{"line":94,"column":6},"end":{"line":94,"column":37}},"36":{"start":{"line":78,"column":13},"end":{"line":78,"column":26}},"37":{"start":{"line":98,"column":26},"end":{"line":109,"column":1}},"38":{"start":{"line":99,"column":2},"end":{"line":108,"column":4}},"39":{"start":{"line":103,"column":6},"end":{"line":105,"column":null}},"40":{"start":{"line":104,"column":8},"end":{"line":104,"column":36}},"41":{"start":{"line":106,"column":6},"end":{"line":106,"column":50}},"42":{"start":{"line":98,"column":13},"end":{"line":98,"column":26}}},"fnMap":{"0":{"name":"(anonymous_1)","decl":{"start":{"line":8,"column":22},"end":{"line":8,"column":23}},"loc":{"start":{"line":8,"column":111},"end":{"line":27,"column":1}}},"1":{"name":"(anonymous_2)","decl":{"start":{"line":20,"column":4},"end":{"line":20,"column":5}},"loc":{"start":{"line":20,"column":31},"end":{"line":25,"column":5}}},"2":{"name":"(anonymous_3)","decl":{"start":{"line":28,"column":24},"end":{"line":28,"column":25}},"loc":{"start":{"line":28,"column":101},"end":{"line":39,"column":1}}},"3":{"name":"(anonymous_4)","decl":{"start":{"line":32,"column":4},"end":{"line":32,"column":5}},"loc":{"start":{"line":32,"column":31},"end":{"line":37,"column":5}}},"4":{"name":"(anonymous_5)","decl":{"start":{"line":40,"column":27},"end":{"line":40,"column":28}},"loc":{"start":{"line":40,"column":116},"end":{"line":64,"column":1}}},"5":{"name":"(anonymous_6)","decl":{"start":{"line":45,"column":6},"end":{"line":45,"column":7}},"loc":{"start":{"line":45,"column":33},"end":{"line":50,"column":7}}},"6":{"name":"(anonymous_7)","decl":{"start":{"line":56,"column":6},"end":{"line":56,"column":7}},"loc":{"start":{"line":56,"column":33},"end":{"line":61,"column":7}}},"7":{"name":"(anonymous_8)","decl":{"start":{"line":65,"column":30},"end":{"line":65,"column":31}},"loc":{"start":{"line":65,"column":116},"end":{"line":76,"column":1}}},"8":{"name":"(anonymous_9)","decl":{"start":{"line":69,"column":4},"end":{"line":69,"column":5}},"loc":{"start":{"line":69,"column":31},"end":{"line":74,"column":5}}},"9":{"name":"(anonymous_10)","decl":{"start":{"line":78,"column":26},"end":{"line":78,"column":27}},"loc":{"start":{"line":78,"column":115},"end":{"line":97,"column":1}}},"10":{"name":"(anonymous_11)","decl":{"start":{"line":90,"column":4},"end":{"line":90,"column":5}},"loc":{"start":{"line":90,"column":31},"end":{"line":95,"column":5}}},"11":{"name":"(anonymous_12)","decl":{"start":{"line":98,"column":26},"end":{"line":98,"column":27}},"loc":{"start":{"line":98,"column":115},"end":{"line":109,"column":1}}},"12":{"name":"(anonymous_13)","decl":{"start":{"line":102,"column":4},"end":{"line":102,"column":5}},"loc":{"start":{"line":102,"column":31},"end":{"line":107,"column":5}}}},"branchMap":{"0":{"loc":{"start":{"line":21,"column":6},"end":{"line":23,"column":null}},"type":"if","locations":[{"start":{"line":21,"column":6},"end":{"line":23,"column":null}}]},"1":{"loc":{"start":{"line":33,"column":6},"end":{"line":35,"column":null}},"type":"if","locations":[{"start":{"line":33,"column":6},"end":{"line":35,"column":null}}]},"2":{"loc":{"start":{"line":41,"column":2},"end":{"line":63,"column":null}},"type":"if","locations":[{"start":{"line":41,"column":2},"end":{"line":63,"column":null}},{"start":{"line":52,"column":9},"end":{"line":63,"column":null}}]},"3":{"loc":{"start":{"line":46,"column":8},"end":{"line":48,"column":null}},"type":"if","locations":[{"start":{"line":46,"column":8},"end":{"line":48,"column":null}}]},"4":{"loc":{"start":{"line":57,"column":8},"end":{"line":59,"column":null}},"type":"if","locations":[{"start":{"line":57,"column":8},"end":{"line":59,"column":null}}]},"5":{"loc":{"start":{"line":70,"column":6},"end":{"line":72,"column":null}},"type":"if","locations":[{"start":{"line":70,"column":6},"end":{"line":72,"column":null}}]},"6":{"loc":{"start":{"line":91,"column":6},"end":{"line":93,"column":null}},"type":"if","locations":[{"start":{"line":91,"column":6},"end":{"line":93,"column":null}}]},"7":{"loc":{"start":{"line":103,"column":6},"end":{"line":105,"column":null}},"type":"if","locations":[{"start":{"line":103,"column":6},"end":{"line":105,"column":null}}]}},"s":{"0":1,"1":1,"2":1,"3":2,"4":2,"5":1,"6":1,"7":1,"8":1,"9":0,"10":0,"11":0,"12":0,"13":1,"14":1,"15":1,"16":1,"17":1,"18":0,"19":1,"20":0,"21":0,"22":0,"23":0,"24":1,"25":1,"26":2,"27":2,"28":0,"29":2,"30":1,"31":1,"32":0,"33":0,"34":0,"35":0,"36":1,"37":1,"38":1,"39":1,"40":0,"41":1,"42":1},"f":{"0":2,"1":2,"2":0,"3":0,"4":1,"5":1,"6":0,"7":2,"8":2,"9":0,"10":0,"11":1,"12":1},"b":{"0":[1],"1":[0],"2":[1,0],"3":[0],"4":[0],"5":[0],"6":[0],"7":[0]}}
,"C:\\Dev\\ProjetosPessoais\\nodejs\\ApiJwtNode\\config\\database.ts": {"path":"C:\\Dev\\ProjetosPessoais\\nodejs\\ApiJwtNode\\config\\database.ts","statementMap":{"0":{"start":{"line":1,"column":0},"end":{"line":1,"column":33}},"1":{"start":{"line":2,"column":0},"end":{"line":4,"column":3}},"2":{"start":{"line":6,"column":13},"end":{"line":14,"column":2}},"3":{"start":{"line":18,"column":0},"end":{"line":18,"column":20}}},"fnMap":{},"branchMap":{"0":{"loc":{"start":{"line":3,"column":10},"end":{"line":3,"column":64}},"type":"cond-expr","locations":[{"start":{"line":3,"column":44},"end":{"line":3,"column":55}},{"start":{"line":3,"column":58},"end":{"line":3,"column":64}}]},"1":{"loc":{"start":{"line":7,"column":10},"end":{"line":7,"column":45}},"type":"binary-expr","locations":[{"start":{"line":7,"column":10},"end":{"line":7,"column":29}},{"start":{"line":7,"column":32},"end":{"line":7,"column":45}}]},"2":{"loc":{"start":{"line":8,"column":14},"end":{"line":8,"column":58}},"type":"binary-expr","locations":[{"start":{"line":8,"column":14},"end":{"line":8,"column":34}},{"start":{"line":8,"column":37},"end":{"line":8,"column":58}}]},"3":{"loc":{"start":{"line":9,"column":10},"end":{"line":9,"column":34}},"type":"binary-expr","locations":[{"start":{"line":9,"column":10},"end":{"line":9,"column":29}},{"start":{"line":9,"column":32},"end":{"line":9,"column":34}}]},"4":{"loc":{"start":{"line":10,"column":14},"end":{"line":10,"column":38}},"type":"binary-expr","locations":[{"start":{"line":10,"column":14},"end":{"line":10,"column":33}},{"start":{"line":10,"column":36},"end":{"line":10,"column":38}}]},"5":{"loc":{"start":{"line":12,"column":10},"end":{"line":12,"column":44}},"type":"binary-expr","locations":[{"start":{"line":12,"column":10},"end":{"line":12,"column":37}},{"start":{"line":12,"column":40},"end":{"line":12,"column":44}}]}},"s":{"0":1,"1":1,"2":1,"3":1},"f":{},"b":{"0":[0,1],"1":[1,0],"2":[1,0],"3":[1,0],"4":[1,0],"5":[1,0]}}
}
