{"C:\\Dev\\ProjetosPessoais\\nodejs\\ApiJwtNode\\app.ts": {"path":"C:\\Dev\\ProjetosPessoais\\nodejs\\ApiJwtNode\\app.ts","statementMap":{"0":{"start":{"line":1,"column":0},"end":{"line":1,"column":30}},"1":{"start":{"line":2,"column":0},"end":{"line":2,"column":50}},"2":{"start":{"line":3,"column":0},"end":{"line":3,"column":43}},"3":{"start":{"line":4,"column":0},"end":{"line":4,"column":41}},"4":{"start":{"line":6,"column":0},"end":{"line":8,"column":3}},"5":{"start":{"line":10,"column":12},"end":{"line":10,"column":21}},"6":{"start":{"line":11,"column":0},"end":{"line":11,"column":24}},"7":{"start":{"line":12,"column":0},"end":{"line":12,"column":34}},"8":{"start":{"line":14,"column":0},"end":{"line":14,"column":68}},"9":{"start":{"line":17,"column":0},"end":{"line":17,"column":19}},"10":{"start":{"line":18,"column":13},"end":{"line":18,"column":41}},"11":{"start":{"line":20,"column":0},"end":{"line":22,"column":null}},"12":{"start":{"line":21,"column":4},"end":{"line":21,"column":null}}},"fnMap":{"0":{"name":"(anonymous_1)","decl":{"start":{"line":20,"column":17},"end":{"line":20,"column":19}},"loc":{"start":{"line":20,"column":21},"end":{"line":22,"column":1}}}},"branchMap":{"0":{"loc":{"start":{"line":7,"column":10},"end":{"line":7,"column":64}},"type":"cond-expr","locations":[{"start":{"line":7,"column":44},"end":{"line":7,"column":55}},{"start":{"line":7,"column":58},"end":{"line":7,"column":64}}]},"1":{"loc":{"start":{"line":18,"column":13},"end":{"line":18,"column":41}},"type":"binary-expr","locations":[{"start":{"line":18,"column":13},"end":{"line":18,"column":33}},{"start":{"line":18,"column":37},"end":{"line":18,"column":41}}]}},"s":{"0":1,"1":1,"2":1,"3":1,"4":1,"5":1,"6":1,"7":1,"8":1,"9":1,"10":1,"11":1,"12":1},"f":{"0":1},"b":{"0":[0,1],"1":[1,0]}}
,"C:\\Dev\\ProjetosPessoais\\nodejs\\ApiJwtNode\\api\\auth\\tokenValidation.ts": {"path":"C:\\Dev\\ProjetosPessoais\\nodejs\\ApiJwtNode\\api\\auth\\tokenValidation.ts","statementMap":{"0":{"start":{"line":1,"column":0},"end":{"line":1,"column":38}},"1":{"start":{"line":4,"column":26},"end":{"line":27,"column":1}},"2":{"start":{"line":5,"column":14},"end":{"line":5,"column":38}},"3":{"start":{"line":6,"column":23},"end":{"line":6,"column":44}},"4":{"start":{"line":7,"column":2},"end":{"line":7,"column":61}},"5":{"start":{"line":7,"column":21},"end":{"line":7,"column":61}},"6":{"start":{"line":8,"column":2},"end":{"line":26,"column":null}},"7":{"start":{"line":9,"column":4},"end":{"line":9,"column":27}},"8":{"start":{"line":10,"column":4},"end":{"line":20,"column":9}},"9":{"start":{"line":14,"column":8},"end":{"line":19,"column":22}},"10":{"start":{"line":15,"column":10},"end":{"line":18,"column":null}},"11":{"start":{"line":19,"column":15},"end":{"line":19,"column":22}},"12":{"start":{"line":22,"column":4},"end":{"line":25,"column":null}},"13":{"start":{"line":4,"column":13},"end":{"line":4,"column":26}}},"fnMap":{"0":{"name":"(anonymous_0)","decl":{"start":{"line":4,"column":26},"end":{"line":4,"column":27}},"loc":{"start":{"line":4,"column":79},"end":{"line":27,"column":1}}},"1":{"name":"(anonymous_1)","decl":{"start":{"line":13,"column":6},"end":{"line":13,"column":7}},"loc":{"start":{"line":13,"column":23},"end":{"line":20,"column":7}}}},"branchMap":{"0":{"loc":{"start":{"line":7,"column":2},"end":{"line":7,"column":61}},"type":"if","locations":[{"start":{"line":7,"column":2},"end":{"line":7,"column":61}}]},"1":{"loc":{"start":{"line":8,"column":2},"end":{"line":26,"column":null}},"type":"if","locations":[{"start":{"line":8,"column":2},"end":{"line":26,"column":null}},{"start":{"line":21,"column":9},"end":{"line":26,"column":null}}]},"2":{"loc":{"start":{"line":14,"column":8},"end":{"line":19,"column":22}},"type":"if","locations":[{"start":{"line":14,"column":8},"end":{"line":19,"column":22}},{"start":{"line":19,"column":15},"end":{"line":19,"column":22}}]}},"s":{"0":1,"1":1,"2":0,"3":0,"4":0,"5":0,"6":0,"7":0,"8":0,"9":0,"10":0,"11":0,"12":0,"13":1},"f":{"0":0,"1":0},"b":{"0":[0],"1":[0,0],"2":[0,0]}}
,"C:\\Dev\\ProjetosPessoais\\nodejs\\ApiJwtNode\\api\\users\\userController.ts": {"path":"C:\\Dev\\ProjetosPessoais\\nodejs\\ApiJwtNode\\api\\users\\userController.ts","statementMap":{"0":{"start":{"line":2,"column":0},"end":{"line":2,"column":62}},"1":{"start":{"line":3,"column":0},"end":{"line":3,"column":36}},"2":{"start":{"line":4,"column":0},"end":{"line":4,"column":null}},"3":{"start":{"line":12,"column":0},"end":{"line":12,"column":27}},"4":{"start":{"line":14,"column":21},"end":{"line":14,"column":42}},"5":{"start":{"line":15,"column":0},"end":{"line":15,"column":59}},"6":{"start":{"line":15,"column":19},"end":{"line":15,"column":59}},"7":{"start":{"line":17,"column":26},"end":{"line":51,"column":1}},"8":{"start":{"line":18,"column":15},"end":{"line":18,"column":23}},"9":{"start":{"line":19,"column":15},"end":{"line":19,"column":30}},"10":{"start":{"line":20,"column":2},"end":{"line":50,"column":null}},"11":{"start":{"line":21,"column":4},"end":{"line":21,"column":49}},"12":{"start":{"line":22,"column":4},"end":{"line":36,"column":7}},"13":{"start":{"line":23,"column":6},"end":{"line":31,"column":null}},"14":{"start":{"line":24,"column":8},"end":{"line":30,"column":11}},"15":{"start":{"line":32,"column":6},"end":{"line":35,"column":null}},"16":{"start":{"line":39,"column":4},"end":{"line":45,"column":null}},"17":{"start":{"line":40,"column":6},"end":{"line":44,"column":null}},"18":{"start":{"line":46,"column":4},"end":{"line":49,"column":null}},"19":{"start":{"line":17,"column":13},"end":{"line":17,"column":26}},"20":{"start":{"line":53,"column":27},"end":{"line":76,"column":1}},"21":{"start":{"line":54,"column":13},"end":{"line":54,"column":26}},"22":{"start":{"line":55,"column":2},"end":{"line":75,"column":null}},"23":{"start":{"line":56,"column":4},"end":{"line":64,"column":null}},"24":{"start":{"line":57,"column":6},"end":{"line":63,"column":9}},"25":{"start":{"line":65,"column":4},"end":{"line":70,"column":null}},"26":{"start":{"line":66,"column":6},"end":{"line":69,"column":null}},"27":{"start":{"line":71,"column":4},"end":{"line":74,"column":null}},"28":{"start":{"line":53,"column":13},"end":{"line":53,"column":27}},"29":{"start":{"line":78,"column":21},"end":{"line":131,"column":1}},"30":{"start":{"line":79,"column":15},"end":{"line":79,"column":23}},"31":{"start":{"line":80,"column":2},"end":{"line":130,"column":null}},"32":{"start":{"line":81,"column":4},"end":{"line":117,"column":null}},"33":{"start":{"line":82,"column":6},"end":{"line":90,"column":null}},"34":{"start":{"line":83,"column":8},"end":{"line":89,"column":11}},"35":{"start":{"line":91,"column":6},"end":{"line":96,"column":null}},"36":{"start":{"line":92,"column":8},"end":{"line":95,"column":null}},"37":{"start":{"line":97,"column":28},"end":{"line":97,"column":72}},"38":{"start":{"line":98,"column":6},"end":{"line":116,"column":null}},"39":{"start":{"line":99,"column":36},"end":{"line":104,"column":12}},"40":{"start":{"line":105,"column":10},"end":{"line":109,"column":null}},"41":{"start":{"line":112,"column":8},"end":{"line":115,"column":null}},"42":{"start":{"line":119,"column":4},"end":{"line":125,"column":null}},"43":{"start":{"line":120,"column":6},"end":{"line":124,"column":null}},"44":{"start":{"line":126,"column":4},"end":{"line":129,"column":null}},"45":{"start":{"line":78,"column":13},"end":{"line":78,"column":21}},"46":{"start":{"line":133,"column":24},"end":{"line":155,"column":1}},"47":{"start":{"line":134,"column":2},"end":{"line":154,"column":null}},"48":{"start":{"line":135,"column":4},"end":{"line":143,"column":null}},"49":{"start":{"line":136,"column":6},"end":{"line":142,"column":9}},"50":{"start":{"line":144,"column":4},"end":{"line":149,"column":null}},"51":{"start":{"line":145,"column":6},"end":{"line":148,"column":null}},"52":{"start":{"line":150,"column":4},"end":{"line":153,"column":null}},"53":{"start":{"line":133,"column":13},"end":{"line":133,"column":24}},"54":{"start":{"line":157,"column":26},"end":{"line":197,"column":1}},"55":{"start":{"line":158,"column":15},"end":{"line":158,"column":23}},"56":{"start":{"line":159,"column":15},"end":{"line":159,"column":30}},"57":{"start":{"line":160,"column":2},"end":{"line":196,"column":null}},"58":{"start":{"line":161,"column":4},"end":{"line":161,"column":49}},"59":{"start":{"line":162,"column":4},"end":{"line":182,"column":7}},"60":{"start":{"line":163,"column":6},"end":{"line":170,"column":null}},"61":{"start":{"line":164,"column":8},"end":{"line":169,"column":11}},"62":{"start":{"line":171,"column":6},"end":{"line":176,"column":null}},"63":{"start":{"line":172,"column":8},"end":{"line":175,"column":null}},"64":{"start":{"line":177,"column":6},"end":{"line":177,"column":27}},"65":{"start":{"line":178,"column":6},"end":{"line":181,"column":null}},"66":{"start":{"line":185,"column":4},"end":{"line":191,"column":null}},"67":{"start":{"line":186,"column":6},"end":{"line":190,"column":null}},"68":{"start":{"line":192,"column":4},"end":{"line":195,"column":null}},"69":{"start":{"line":157,"column":13},"end":{"line":157,"column":26}},"70":{"start":{"line":199,"column":26},"end":{"line":235,"column":1}},"71":{"start":{"line":200,"column":15},"end":{"line":200,"column":23}},"72":{"start":{"line":201,"column":2},"end":{"line":234,"column":null}},"73":{"start":{"line":202,"column":4},"end":{"line":221,"column":null}},"74":{"start":{"line":203,"column":6},"end":{"line":210,"column":null}},"75":{"start":{"line":204,"column":8},"end":{"line":209,"column":11}},"76":{"start":{"line":211,"column":6},"end":{"line":216,"column":null}},"77":{"start":{"line":212,"column":8},"end":{"line":215,"column":11}},"78":{"start":{"line":217,"column":6},"end":{"line":220,"column":null}},"79":{"start":{"line":223,"column":4},"end":{"line":229,"column":null}},"80":{"start":{"line":224,"column":6},"end":{"line":228,"column":null}},"81":{"start":{"line":230,"column":4},"end":{"line":233,"column":null}},"82":{"start":{"line":199,"column":13},"end":{"line":199,"column":26}}},"fnMap":{"0":{"name":"(anonymous_0)","decl":{"start":{"line":17,"column":26},"end":{"line":17,"column":27}},"loc":{"start":{"line":17,"column":57},"end":{"line":51,"column":1}}},"1":{"name":"(anonymous_1)","decl":{"start":{"line":22,"column":16},"end":{"line":22,"column":17}},"loc":{"start":{"line":22,"column":34},"end":{"line":36,"column":5}}},"2":{"name":"(anonymous_2)","decl":{"start":{"line":53,"column":27},"end":{"line":53,"column":28}},"loc":{"start":{"line":53,"column":58},"end":{"line":76,"column":1}}},"3":{"name":"(anonymous_3)","decl":{"start":{"line":55,"column":33},"end":{"line":55,"column":34}},"loc":{"start":{"line":55,"column":51},"end":{"line":75,"column":3}}},"4":{"name":"(anonymous_4)","decl":{"start":{"line":78,"column":21},"end":{"line":78,"column":22}},"loc":{"start":{"line":78,"column":52},"end":{"line":131,"column":1}}},"5":{"name":"(anonymous_5)","decl":{"start":{"line":81,"column":31},"end":{"line":81,"column":32}},"loc":{"start":{"line":81,"column":49},"end":{"line":117,"column":5}}},"6":{"name":"(anonymous_6)","decl":{"start":{"line":133,"column":24},"end":{"line":133,"column":25}},"loc":{"start":{"line":133,"column":55},"end":{"line":155,"column":1}}},"7":{"name":"(anonymous_7)","decl":{"start":{"line":134,"column":18},"end":{"line":134,"column":19}},"loc":{"start":{"line":134,"column":36},"end":{"line":154,"column":3}}},"8":{"name":"(anonymous_8)","decl":{"start":{"line":157,"column":26},"end":{"line":157,"column":27}},"loc":{"start":{"line":157,"column":58},"end":{"line":197,"column":1}}},"9":{"name":"(anonymous_9)","decl":{"start":{"line":162,"column":28},"end":{"line":162,"column":29}},"loc":{"start":{"line":162,"column":47},"end":{"line":182,"column":5}}},"10":{"name":"(anonymous_10)","decl":{"start":{"line":199,"column":26},"end":{"line":199,"column":27}},"loc":{"start":{"line":199,"column":58},"end":{"line":235,"column":1}}},"11":{"name":"(anonymous_11)","decl":{"start":{"line":202,"column":28},"end":{"line":202,"column":29}},"loc":{"start":{"line":202,"column":47},"end":{"line":221,"column":5}}}},"branchMap":{"0":{"loc":{"start":{"line":15,"column":0},"end":{"line":15,"column":59}},"type":"if","locations":[{"start":{"line":15,"column":0},"end":{"line":15,"column":59}}]},"1":{"loc":{"start":{"line":23,"column":6},"end":{"line":31,"column":null}},"type":"if","locations":[{"start":{"line":23,"column":6},"end":{"line":31,"column":null}}]},"2":{"loc":{"start":{"line":39,"column":4},"end":{"line":45,"column":null}},"type":"if","locations":[{"start":{"line":39,"column":4},"end":{"line":45,"column":null}}]},"3":{"loc":{"start":{"line":56,"column":4},"end":{"line":64,"column":null}},"type":"if","locations":[{"start":{"line":56,"column":4},"end":{"line":64,"column":null}}]},"4":{"loc":{"start":{"line":65,"column":4},"end":{"line":70,"column":null}},"type":"if","locations":[{"start":{"line":65,"column":4},"end":{"line":70,"column":null}}]},"5":{"loc":{"start":{"line":82,"column":6},"end":{"line":90,"column":null}},"type":"if","locations":[{"start":{"line":82,"column":6},"end":{"line":90,"column":null}}]},"6":{"loc":{"start":{"line":91,"column":6},"end":{"line":96,"column":null}},"type":"if","locations":[{"start":{"line":91,"column":6},"end":{"line":96,"column":null}}]},"7":{"loc":{"start":{"line":98,"column":6},"end":{"line":116,"column":null}},"type":"if","locations":[{"start":{"line":98,"column":6},"end":{"line":116,"column":null}},{"start":{"line":111,"column":11},"end":{"line":116,"column":null}}]},"8":{"loc":{"start":{"line":119,"column":4},"end":{"line":125,"column":null}},"type":"if","locations":[{"start":{"line":119,"column":4},"end":{"line":125,"column":null}}]},"9":{"loc":{"start":{"line":135,"column":4},"end":{"line":143,"column":null}},"type":"if","locations":[{"start":{"line":135,"column":4},"end":{"line":143,"column":null}}]},"10":{"loc":{"start":{"line":144,"column":4},"end":{"line":149,"column":null}},"type":"if","locations":[{"start":{"line":144,"column":4},"end":{"line":149,"column":null}}]},"11":{"loc":{"start":{"line":163,"column":6},"end":{"line":170,"column":null}},"type":"if","locations":[{"start":{"line":163,"column":6},"end":{"line":170,"column":null}}]},"12":{"loc":{"start":{"line":171,"column":6},"end":{"line":176,"column":null}},"type":"if","locations":[{"start":{"line":171,"column":6},"end":{"line":176,"column":null}}]},"13":{"loc":{"start":{"line":171,"column":9},"end":{"line":171,"column":42}},"type":"binary-expr","locations":[{"start":{"line":171,"column":9},"end":{"line":171,"column":17}},{"start":{"line":171,"column":21},"end":{"line":171,"column":42}}]},"14":{"loc":{"start":{"line":185,"column":4},"end":{"line":191,"column":null}},"type":"if","locations":[{"start":{"line":185,"column":4},"end":{"line":191,"column":null}}]},"15":{"loc":{"start":{"line":203,"column":6},"end":{"line":210,"column":null}},"type":"if","locations":[{"start":{"line":203,"column":6},"end":{"line":210,"column":null}}]},"16":{"loc":{"start":{"line":211,"column":6},"end":{"line":216,"column":null}},"type":"if","locations":[{"start":{"line":211,"column":6},"end":{"line":216,"column":null}}]},"17":{"loc":{"start":{"line":223,"column":4},"end":{"line":229,"column":null}},"type":"if","locations":[{"start":{"line":223,"column":4},"end":{"line":229,"column":null}}]}},"s":{"0":1,"1":1,"2":1,"3":1,"4":1,"5":1,"6":0,"7":1,"8":0,"9":0,"10":0,"11":0,"12":0,"13":0,"14":0,"15":0,"16":0,"17":0,"18":0,"19":1,"20":1,"21":0,"22":0,"23":0,"24":0,"25":0,"26":0,"27":0,"28":1,"29":1,"30":1,"31":1,"32":1,"33":1,"34":0,"35":1,"36":0,"37":1,"38":1,"39":1,"40":1,"41":0,"42":0,"43":0,"44":0,"45":1,"46":1,"47":0,"48":0,"49":0,"50":0,"51":0,"52":0,"53":1,"54":1,"55":0,"56":0,"57":0,"58":0,"59":0,"60":0,"61":0,"62":0,"63":0,"64":0,"65":0,"66":0,"67":0,"68":0,"69":1,"70":1,"71":0,"72":0,"73":0,"74":0,"75":0,"76":0,"77":0,"78":0,"79":0,"80":0,"81":0,"82":1},"f":{"0":0,"1":0,"2":0,"3":0,"4":1,"5":1,"6":0,"7":0,"8":0,"9":0,"10":0,"11":0},"b":{"0":[0],"1":[0],"2":[0],"3":[0],"4":[0],"5":[0],"6":[0],"7":[1,0],"8":[0],"9":[0],"10":[0],"11":[0],"12":[0],"13":[0,0],"14":[0],"15":[0],"16":[0],"17":[0]}}
,"C:\\Dev\\ProjetosPessoais\\nodejs\\ApiJwtNode\\api\\users\\userRouter.ts": {"path":"C:\\Dev\\ProjetosPessoais\\nodejs\\ApiJwtNode\\api\\users\\userRouter.ts","statementMap":{"0":{"start":{"line":1,"column":0},"end":{"line":1,"column":33}},"1":{"start":{"line":2,"column":0},"end":{"line":2,"column":53}},"2":{"start":{"line":3,"column":0},"end":{"line":3,"column":null}},"3":{"start":{"line":12,"column":19},"end":{"line":12,"column":27}},"4":{"start":{"line":13,"column":0},"end":{"line":13,"column":33}},"5":{"start":{"line":14,"column":0},"end":{"line":14,"column":48}},"6":{"start":{"line":15,"column":0},"end":{"line":15,"column":42}},"7":{"start":{"line":16,"column":0},"end":{"line":16,"column":46}},"8":{"start":{"line":17,"column":0},"end":{"line":17,"column":47}},"9":{"start":{"line":18,"column":0},"end":{"line":18,"column":32}},"10":{"start":{"line":20,"column":0},"end":{"line":20,"column":26}}},"fnMap":{},"branchMap":{},"s":{"0":1,"1":1,"2":1,"3":1,"4":1,"5":1,"6":1,"7":1,"8":1,"9":1,"10":1},"f":{},"b":{}}
,"C:\\Dev\\ProjetosPessoais\\nodejs\\ApiJwtNode\\api\\users\\userService.ts": {"path":"C:\\Dev\\ProjetosPessoais\\nodejs\\ApiJwtNode\\api\\users\\userService.ts","statementMap":{"0":{"start":{"line":1,"column":0},"end":{"line":1,"column":41}},"1":{"start":{"line":6,"column":13},"end":{"line":6,"column":29}},"2":{"start":{"line":8,"column":22},"end":{"line":27,"column":1}},"3":{"start":{"line":9,"column":2},"end":{"line":26,"column":null}},"4":{"start":{"line":21,"column":6},"end":{"line":23,"column":null}},"5":{"start":{"line":22,"column":8},"end":{"line":22,"column":36}},"6":{"start":{"line":24,"column":6},"end":{"line":24,"column":37}},"7":{"start":{"line":8,"column":13},"end":{"line":8,"column":22}},"8":{"start":{"line":28,"column":24},"end":{"line":39,"column":1}},"9":{"start":{"line":29,"column":2},"end":{"line":38,"column":null}},"10":{"start":{"line":33,"column":6},"end":{"line":35,"column":null}},"11":{"start":{"line":34,"column":8},"end":{"line":34,"column":36}},"12":{"start":{"line":36,"column":6},"end":{"line":36,"column":37}},"13":{"start":{"line":28,"column":13},"end":{"line":28,"column":24}},"14":{"start":{"line":40,"column":27},"end":{"line":51,"column":1}},"15":{"start":{"line":41,"column":2},"end":{"line":50,"column":null}},"16":{"start":{"line":45,"column":6},"end":{"line":47,"column":null}},"17":{"start":{"line":46,"column":8},"end":{"line":46,"column":36}},"18":{"start":{"line":48,"column":6},"end":{"line":48,"column":40}},"19":{"start":{"line":40,"column":13},"end":{"line":40,"column":27}},"20":{"start":{"line":52,"column":30},"end":{"line":63,"column":1}},"21":{"start":{"line":53,"column":2},"end":{"line":62,"column":null}},"22":{"start":{"line":57,"column":6},"end":{"line":59,"column":null}},"23":{"start":{"line":58,"column":8},"end":{"line":58,"column":31}},"24":{"start":{"line":60,"column":6},"end":{"line":60,"column":40}},"25":{"start":{"line":52,"column":13},"end":{"line":52,"column":30}},"26":{"start":{"line":65,"column":26},"end":{"line":84,"column":1}},"27":{"start":{"line":66,"column":2},"end":{"line":83,"column":null}},"28":{"start":{"line":78,"column":6},"end":{"line":80,"column":null}},"29":{"start":{"line":79,"column":8},"end":{"line":79,"column":36}},"30":{"start":{"line":81,"column":6},"end":{"line":81,"column":37}},"31":{"start":{"line":65,"column":13},"end":{"line":65,"column":26}},"32":{"start":{"line":85,"column":26},"end":{"line":96,"column":1}},"33":{"start":{"line":86,"column":2},"end":{"line":95,"column":null}},"34":{"start":{"line":90,"column":6},"end":{"line":92,"column":null}},"35":{"start":{"line":91,"column":8},"end":{"line":91,"column":36}},"36":{"start":{"line":93,"column":6},"end":{"line":93,"column":50}},"37":{"start":{"line":85,"column":13},"end":{"line":85,"column":26}}},"fnMap":{"0":{"name":"(anonymous_1)","decl":{"start":{"line":8,"column":22},"end":{"line":8,"column":23}},"loc":{"start":{"line":8,"column":111},"end":{"line":27,"column":1}}},"1":{"name":"(anonymous_2)","decl":{"start":{"line":20,"column":4},"end":{"line":20,"column":5}},"loc":{"start":{"line":20,"column":31},"end":{"line":25,"column":5}}},"2":{"name":"(anonymous_3)","decl":{"start":{"line":28,"column":24},"end":{"line":28,"column":25}},"loc":{"start":{"line":28,"column":101},"end":{"line":39,"column":1}}},"3":{"name":"(anonymous_4)","decl":{"start":{"line":32,"column":4},"end":{"line":32,"column":5}},"loc":{"start":{"line":32,"column":31},"end":{"line":37,"column":5}}},"4":{"name":"(anonymous_5)","decl":{"start":{"line":40,"column":27},"end":{"line":40,"column":28}},"loc":{"start":{"line":40,"column":116},"end":{"line":51,"column":1}}},"5":{"name":"(anonymous_6)","decl":{"start":{"line":44,"column":4},"end":{"line":44,"column":5}},"loc":{"start":{"line":44,"column":31},"end":{"line":49,"column":5}}},"6":{"name":"(anonymous_7)","decl":{"start":{"line":52,"column":30},"end":{"line":52,"column":31}},"loc":{"start":{"line":52,"column":116},"end":{"line":63,"column":1}}},"7":{"name":"(anonymous_8)","decl":{"start":{"line":56,"column":4},"end":{"line":56,"column":5}},"loc":{"start":{"line":56,"column":31},"end":{"line":61,"column":5}}},"8":{"name":"(anonymous_9)","decl":{"start":{"line":65,"column":26},"end":{"line":65,"column":27}},"loc":{"start":{"line":65,"column":115},"end":{"line":84,"column":1}}},"9":{"name":"(anonymous_10)","decl":{"start":{"line":77,"column":4},"end":{"line":77,"column":5}},"loc":{"start":{"line":77,"column":31},"end":{"line":82,"column":5}}},"10":{"name":"(anonymous_11)","decl":{"start":{"line":85,"column":26},"end":{"line":85,"column":27}},"loc":{"start":{"line":85,"column":115},"end":{"line":96,"column":1}}},"11":{"name":"(anonymous_12)","decl":{"start":{"line":89,"column":4},"end":{"line":89,"column":5}},"loc":{"start":{"line":89,"column":31},"end":{"line":94,"column":5}}}},"branchMap":{"0":{"loc":{"start":{"line":21,"column":6},"end":{"line":23,"column":null}},"type":"if","locations":[{"start":{"line":21,"column":6},"end":{"line":23,"column":null}}]},"1":{"loc":{"start":{"line":33,"column":6},"end":{"line":35,"column":null}},"type":"if","locations":[{"start":{"line":33,"column":6},"end":{"line":35,"column":null}}]},"2":{"loc":{"start":{"line":45,"column":6},"end":{"line":47,"column":null}},"type":"if","locations":[{"start":{"line":45,"column":6},"end":{"line":47,"column":null}}]},"3":{"loc":{"start":{"line":57,"column":6},"end":{"line":59,"column":null}},"type":"if","locations":[{"start":{"line":57,"column":6},"end":{"line":59,"column":null}}]},"4":{"loc":{"start":{"line":78,"column":6},"end":{"line":80,"column":null}},"type":"if","locations":[{"start":{"line":78,"column":6},"end":{"line":80,"column":null}}]},"5":{"loc":{"start":{"line":90,"column":6},"end":{"line":92,"column":null}},"type":"if","locations":[{"start":{"line":90,"column":6},"end":{"line":92,"column":null}}]}},"s":{"0":1,"1":1,"2":1,"3":0,"4":0,"5":0,"6":0,"7":1,"8":1,"9":0,"10":0,"11":0,"12":0,"13":1,"14":1,"15":0,"16":0,"17":0,"18":0,"19":1,"20":1,"21":1,"22":1,"23":0,"24":1,"25":1,"26":1,"27":0,"28":0,"29":0,"30":0,"31":1,"32":1,"33":0,"34":0,"35":0,"36":0,"37":1},"f":{"0":0,"1":0,"2":0,"3":0,"4":0,"5":0,"6":1,"7":1,"8":0,"9":0,"10":0,"11":0},"b":{"0":[0],"1":[0],"2":[0],"3":[0],"4":[0],"5":[0]}}
,"C:\\Dev\\ProjetosPessoais\\nodejs\\ApiJwtNode\\config\\database.ts": {"path":"C:\\Dev\\ProjetosPessoais\\nodejs\\ApiJwtNode\\config\\database.ts","statementMap":{"0":{"start":{"line":1,"column":0},"end":{"line":1,"column":40}},"1":{"start":{"line":2,"column":0},"end":{"line":4,"column":3}},"2":{"start":{"line":6,"column":13},"end":{"line":14,"column":2}},"3":{"start":{"line":18,"column":0},"end":{"line":18,"column":20}}},"fnMap":{},"branchMap":{"0":{"loc":{"start":{"line":3,"column":10},"end":{"line":3,"column":64}},"type":"cond-expr","locations":[{"start":{"line":3,"column":44},"end":{"line":3,"column":55}},{"start":{"line":3,"column":58},"end":{"line":3,"column":64}}]},"1":{"loc":{"start":{"line":7,"column":10},"end":{"line":7,"column":45}},"type":"binary-expr","locations":[{"start":{"line":7,"column":10},"end":{"line":7,"column":29}},{"start":{"line":7,"column":32},"end":{"line":7,"column":45}}]},"2":{"loc":{"start":{"line":8,"column":14},"end":{"line":8,"column":58}},"type":"binary-expr","locations":[{"start":{"line":8,"column":14},"end":{"line":8,"column":34}},{"start":{"line":8,"column":37},"end":{"line":8,"column":58}}]},"3":{"loc":{"start":{"line":9,"column":10},"end":{"line":9,"column":34}},"type":"binary-expr","locations":[{"start":{"line":9,"column":10},"end":{"line":9,"column":29}},{"start":{"line":9,"column":32},"end":{"line":9,"column":34}}]},"4":{"loc":{"start":{"line":10,"column":14},"end":{"line":10,"column":38}},"type":"binary-expr","locations":[{"start":{"line":10,"column":14},"end":{"line":10,"column":33}},{"start":{"line":10,"column":36},"end":{"line":10,"column":38}}]},"5":{"loc":{"start":{"line":12,"column":10},"end":{"line":12,"column":44}},"type":"binary-expr","locations":[{"start":{"line":12,"column":10},"end":{"line":12,"column":37}},{"start":{"line":12,"column":40},"end":{"line":12,"column":44}}]}},"s":{"0":1,"1":1,"2":1,"3":1},"f":{},"b":{"0":[0,1],"1":[1,0],"2":[1,0],"3":[1,0],"4":[1,0],"5":[1,0]}}
}
