TN:
SF:app.ts
FN:20,(anonymous_1)
FNF:1
FNH:1
FNDA:1,(anonymous_1)
DA:1,1
DA:2,1
DA:3,1
DA:4,1
DA:6,1
DA:10,1
DA:11,1
DA:12,1
DA:14,1
DA:17,1
DA:18,1
DA:20,1
DA:21,1
LF:13
LH:13
BRDA:7,0,0,0
BRDA:7,0,1,1
BRDA:18,1,0,1
BRDA:18,1,1,0
BRF:4
BRH:2
end_of_record
TN:
SF:api\auth\tokenValidation.ts
FN:4,(anonymous_0)
FN:13,(anonymous_1)
FNF:2
FNH:0
FNDA:0,(anonymous_0)
FNDA:0,(anonymous_1)
DA:1,1
DA:4,1
DA:5,0
DA:6,0
DA:7,0
DA:8,0
DA:9,0
DA:10,0
DA:14,0
DA:15,0
DA:19,0
DA:22,0
LF:12
LH:2
BRDA:7,0,0,0
BRDA:8,1,0,0
BRDA:8,1,1,0
BRDA:14,2,0,0
BRDA:14,2,1,0
BRF:5
BRH:0
end_of_record
TN:
SF:api\users\userController.ts
FN:17,(anonymous_0)
FN:22,(anonymous_1)
FN:53,(anonymous_2)
FN:55,(anonymous_3)
FN:78,(anonymous_4)
FN:81,(anonymous_5)
FN:133,(anonymous_6)
FN:134,(anonymous_7)
FN:157,(anonymous_8)
FN:162,(anonymous_9)
FN:199,(anonymous_10)
FN:202,(anonymous_11)
FNF:12
FNH:2
FNDA:0,(anonymous_0)
FNDA:0,(anonymous_1)
FNDA:0,(anonymous_2)
FNDA:0,(anonymous_3)
FNDA:1,(anonymous_4)
FNDA:1,(anonymous_5)
FNDA:0,(anonymous_6)
FNDA:0,(anonymous_7)
FNDA:0,(anonymous_8)
FNDA:0,(anonymous_9)
FNDA:0,(anonymous_10)
FNDA:0,(anonymous_11)
DA:2,1
DA:3,1
DA:4,1
DA:12,1
DA:14,1
DA:15,1
DA:17,1
DA:18,0
DA:19,0
DA:20,0
DA:21,0
DA:22,0
DA:23,0
DA:24,0
DA:32,0
DA:39,0
DA:40,0
DA:46,0
DA:53,1
DA:54,0
DA:55,0
DA:56,0
DA:57,0
DA:65,0
DA:66,0
DA:71,0
DA:78,1
DA:79,1
DA:80,1
DA:81,1
DA:82,1
DA:83,0
DA:91,1
DA:92,0
DA:97,1
DA:98,1
DA:99,1
DA:105,1
DA:112,0
DA:119,0
DA:120,0
DA:126,0
DA:133,1
DA:134,0
DA:135,0
DA:136,0
DA:144,0
DA:145,0
DA:150,0
DA:157,1
DA:158,0
DA:159,0
DA:160,0
DA:161,0
DA:162,0
DA:163,0
DA:164,0
DA:171,0
DA:172,0
DA:177,0
DA:178,0
DA:185,0
DA:186,0
DA:192,0
DA:199,1
DA:200,0
DA:201,0
DA:202,0
DA:203,0
DA:204,0
DA:211,0
DA:212,0
DA:217,0
DA:223,0
DA:224,0
DA:230,0
LF:76
LH:21
BRDA:15,0,0,0
BRDA:23,1,0,0
BRDA:39,2,0,0
BRDA:56,3,0,0
BRDA:65,4,0,0
BRDA:82,5,0,0
BRDA:91,6,0,0
BRDA:98,7,0,1
BRDA:98,7,1,0
BRDA:119,8,0,0
BRDA:135,9,0,0
BRDA:144,10,0,0
BRDA:163,11,0,0
BRDA:171,12,0,0
BRDA:171,13,0,0
BRDA:171,13,1,0
BRDA:185,14,0,0
BRDA:203,15,0,0
BRDA:211,16,0,0
BRDA:223,17,0,0
BRF:20
BRH:1
end_of_record
TN:
SF:api\users\userRouter.ts
FNF:0
FNH:0
DA:1,1
DA:2,1
DA:3,1
DA:12,1
DA:13,1
DA:14,1
DA:15,1
DA:16,1
DA:17,1
DA:18,1
DA:20,1
LF:11
LH:11
BRF:0
BRH:0
end_of_record
TN:
SF:api\users\userService.ts
FN:8,(anonymous_1)
FN:20,(anonymous_2)
FN:28,(anonymous_3)
FN:32,(anonymous_4)
FN:40,(anonymous_5)
FN:44,(anonymous_6)
FN:52,(anonymous_7)
FN:56,(anonymous_8)
FN:65,(anonymous_9)
FN:77,(anonymous_10)
FN:85,(anonymous_11)
FN:89,(anonymous_12)
FNF:12
FNH:2
FNDA:0,(anonymous_1)
FNDA:0,(anonymous_2)
FNDA:0,(anonymous_3)
FNDA:0,(anonymous_4)
FNDA:0,(anonymous_5)
FNDA:0,(anonymous_6)
FNDA:1,(anonymous_7)
FNDA:1,(anonymous_8)
FNDA:0,(anonymous_9)
FNDA:0,(anonymous_10)
FNDA:0,(anonymous_11)
FNDA:0,(anonymous_12)
DA:1,1
DA:6,1
DA:8,1
DA:9,0
DA:21,0
DA:22,0
DA:24,0
DA:28,1
DA:29,0
DA:33,0
DA:34,0
DA:36,0
DA:40,1
DA:41,0
DA:45,0
DA:46,0
DA:48,0
DA:52,1
DA:53,1
DA:57,1
DA:58,0
DA:60,1
DA:65,1
DA:66,0
DA:78,0
DA:79,0
DA:81,0
DA:85,1
DA:86,0
DA:90,0
DA:91,0
DA:93,0
LF:32
LH:11
BRDA:21,0,0,0
BRDA:33,1,0,0
BRDA:45,2,0,0
BRDA:57,3,0,0
BRDA:78,4,0,0
BRDA:90,5,0,0
BRF:6
BRH:0
end_of_record
TN:
SF:config\database.ts
FNF:0
FNH:0
DA:1,1
DA:2,1
DA:6,1
DA:18,1
LF:4
LH:4
BRDA:3,0,0,0
BRDA:3,0,1,1
BRDA:7,1,0,1
BRDA:7,1,1,0
BRDA:8,2,0,1
BRDA:8,2,1,0
BRDA:9,3,0,1
BRDA:9,3,1,0
BRDA:10,4,0,1
BRDA:10,4,1,0
BRDA:12,5,0,1
BRDA:12,5,1,0
BRF:12
BRH:6
end_of_record
