TN:
SF:app.ts
FNF:0
FNH:0
DA:1,1
DA:2,1
DA:3,1
DA:4,1
DA:6,1
DA:10,1
DA:11,1
DA:12,1
DA:14,1
DA:17,1
LF:10
LH:10
BRDA:7,0,0,0
BRDA:7,0,1,1
BRF:2
BRH:1
end_of_record
TN:
SF:api\auth\tokenValidation.ts
FN:4,(anonymous_0)
FN:13,(anonymous_1)
FNF:2
FNH:2
FNDA:4,(anonymous_0)
FNDA:4,(anonymous_1)
DA:1,1
DA:4,1
DA:5,4
DA:6,4
DA:7,4
DA:8,4
DA:9,4
DA:10,4
DA:14,4
DA:15,0
DA:19,4
DA:22,0
LF:12
LH:10
BRDA:7,0,0,0
BRDA:8,1,0,4
BRDA:8,1,1,0
BRDA:14,2,0,0
BRDA:14,2,1,4
BRF:5
BRH:2
end_of_record
TN:
SF:api\users\userController.ts
FN:17,(anonymous_0)
FN:22,(anonymous_1)
FN:53,(anonymous_2)
FN:55,(anonymous_3)
FN:78,(anonymous_4)
FN:80,(anonymous_5)
FN:103,(anonymous_6)
FN:106,(anonymous_7)
FN:158,(anonymous_8)
FN:159,(anonymous_9)
FN:182,(anonymous_10)
FN:187,(anonymous_11)
FN:224,(anonymous_12)
FN:227,(anonymous_13)
FNF:14
FNH:8
FNDA:2,(anonymous_0)
FNDA:2,(anonymous_1)
FNDA:1,(anonymous_2)
FNDA:1,(anonymous_3)
FNDA:0,(anonymous_4)
FNDA:0,(anonymous_5)
FNDA:2,(anonymous_6)
FNDA:2,(anonymous_7)
FNDA:0,(anonymous_8)
FNDA:0,(anonymous_9)
FNDA:0,(anonymous_10)
FNDA:0,(anonymous_11)
FNDA:1,(anonymous_12)
FNDA:1,(anonymous_13)
DA:2,1
DA:3,1
DA:4,1
DA:12,1
DA:14,1
DA:15,1
DA:17,1
DA:18,2
DA:19,2
DA:20,2
DA:21,2
DA:22,2
DA:23,2
DA:24,1
DA:32,1
DA:39,0
DA:40,0
DA:46,0
DA:53,1
DA:54,1
DA:55,1
DA:56,1
DA:57,0
DA:65,1
DA:66,0
DA:71,1
DA:78,1
DA:79,0
DA:80,0
DA:81,0
DA:82,0
DA:90,0
DA:91,0
DA:96,0
DA:103,1
DA:104,2
DA:105,2
DA:106,2
DA:107,2
DA:108,0
DA:116,2
DA:117,0
DA:122,2
DA:123,2
DA:124,1
DA:130,1
DA:137,1
DA:144,0
DA:145,0
DA:151,0
DA:158,1
DA:159,0
DA:160,0
DA:161,0
DA:169,0
DA:170,0
DA:175,0
DA:182,1
DA:183,0
DA:184,0
DA:185,0
DA:186,0
DA:187,0
DA:188,0
DA:189,0
DA:196,0
DA:197,0
DA:202,0
DA:203,0
DA:210,0
DA:211,0
DA:217,0
DA:224,1
DA:225,1
DA:226,1
DA:227,1
DA:228,1
DA:229,0
DA:236,1
DA:237,0
DA:242,1
DA:248,0
DA:249,0
DA:255,0
LF:84
LH:42
BRDA:15,0,0,0
BRDA:23,1,0,1
BRDA:39,2,0,0
BRDA:56,3,0,0
BRDA:65,4,0,0
BRDA:81,5,0,0
BRDA:90,6,0,0
BRDA:107,7,0,0
BRDA:116,8,0,0
BRDA:123,9,0,1
BRDA:123,9,1,1
BRDA:144,10,0,0
BRDA:160,11,0,0
BRDA:169,12,0,0
BRDA:188,13,0,0
BRDA:196,14,0,0
BRDA:196,15,0,0
BRDA:196,15,1,0
BRDA:210,16,0,0
BRDA:228,17,0,0
BRDA:236,18,0,0
BRDA:248,19,0,0
BRF:22
BRH:3
end_of_record
TN:
SF:api\users\userRouter.ts
FNF:0
FNH:0
DA:1,1
DA:2,1
DA:3,1
DA:13,1
DA:14,1
DA:15,1
DA:16,1
DA:17,1
DA:18,1
DA:19,1
DA:21,1
LF:11
LH:11
BRF:0
BRH:0
end_of_record
TN:
SF:api\users\userService.ts
FN:8,(anonymous_1)
FN:20,(anonymous_2)
FN:28,(anonymous_3)
FN:32,(anonymous_4)
FN:40,(anonymous_5)
FN:45,(anonymous_6)
FN:56,(anonymous_7)
FN:65,(anonymous_8)
FN:69,(anonymous_9)
FN:78,(anonymous_10)
FN:90,(anonymous_11)
FN:98,(anonymous_12)
FN:102,(anonymous_13)
FNF:13
FNH:8
FNDA:2,(anonymous_1)
FNDA:2,(anonymous_2)
FNDA:0,(anonymous_3)
FNDA:0,(anonymous_4)
FNDA:1,(anonymous_5)
FNDA:1,(anonymous_6)
FNDA:0,(anonymous_7)
FNDA:2,(anonymous_8)
FNDA:2,(anonymous_9)
FNDA:0,(anonymous_10)
FNDA:0,(anonymous_11)
FNDA:1,(anonymous_12)
FNDA:1,(anonymous_13)
DA:1,1
DA:6,1
DA:8,1
DA:9,2
DA:21,2
DA:22,1
DA:24,1
DA:28,1
DA:29,0
DA:33,0
DA:34,0
DA:36,0
DA:40,1
DA:41,1
DA:42,1
DA:46,1
DA:47,0
DA:49,1
DA:53,0
DA:57,0
DA:58,0
DA:60,0
DA:65,1
DA:66,2
DA:70,2
DA:71,0
DA:73,2
DA:78,1
DA:79,0
DA:91,0
DA:92,0
DA:94,0
DA:98,1
DA:99,1
DA:103,1
DA:104,0
DA:106,1
LF:37
LH:22
BRDA:21,0,0,1
BRDA:33,1,0,0
BRDA:41,2,0,1
BRDA:41,2,1,0
BRDA:46,3,0,0
BRDA:57,4,0,0
BRDA:70,5,0,0
BRDA:91,6,0,0
BRDA:103,7,0,0
BRF:9
BRH:2
end_of_record
TN:
SF:config\database.ts
FNF:0
FNH:0
DA:1,1
DA:2,1
DA:6,1
DA:18,1
LF:4
LH:4
BRDA:3,0,0,0
BRDA:3,0,1,1
BRDA:7,1,0,1
BRDA:7,1,1,0
BRDA:8,2,0,1
BRDA:8,2,1,0
BRDA:9,3,0,1
BRDA:9,3,1,0
BRDA:10,4,0,1
BRDA:10,4,1,0
BRDA:12,5,0,1
BRDA:12,5,1,0
BRF:12
BRH:6
end_of_record
